# JRE version: Java(TM) SE Runtime Environment 18.9 (11.0.13+10) (build 11.0.13+10-LTS-370)
# Java VM: Java HotSpot(TM) 64-Bit Server VM 18.9 (11.0.13+10-LTS-370, mixed mode, tiered, compressed oops, g1 gc, windows-amd64)
Heap:
 garbage-first heap   total 260096K, used 84258K [0x0000000703600000, 0x0000000800000000)
  region size 1024K, 80 young (81920K), 14 survivors (14336K)
 Metaspace       used 25783K, capacity 26329K, committed 26496K, reserved 1073152K
  class space    used 2686K, capacity 2903K, committed 2944K, reserved 1048576K
GC Heap History (6 events):
Event: 8.797 GC heap before
{Heap before GC invocations=0 (full 0):
 garbage-first heap   total 260096K, used 23552K [0x0000000703600000, 0x0000000800000000)
  region size 1024K, 24 young (24576K), 0 survivors (0K)
 Metaspace       used 12407K, capacity 12645K, committed 12928K, reserved 1060864K
  class space    used 1252K, capacity 1348K, committed 1408K, reserved 1048576K
}
Event: 8.854 GC heap after
{Heap after GC invocations=1 (full 0):
 garbage-first heap   total 260096K, used 3476K [0x0000000703600000, 0x0000000800000000)
  region size 1024K, 3 young (3072K), 3 survivors (3072K)
 Metaspace       used 12407K, capacity 12645K, committed 12928K, reserved 1060864K
  class space    used 1252K, capacity 1348K, committed 1408K, reserved 1048576K
}
Event: 43.667 GC heap before
{Heap before GC invocations=1 (full 0):
 garbage-first heap   total 260096K, used 101780K [0x0000000703600000, 0x0000000800000000)
  region size 1024K, 100 young (102400K), 3 survivors (3072K)
 Metaspace       used 20906K, capacity 21178K, committed 21248K, reserved 1069056K
  class space    used 2176K, capacity 2279K, committed 2304K, reserved 1048576K
}
Event: 43.681 GC heap after
{Heap after GC invocations=2 (full 0):
 garbage-first heap   total 260096K, used 9399K [0x0000000703600000, 0x0000000800000000)
  region size 1024K, 9 young (9216K), 9 survivors (9216K)
 Metaspace       used 20906K, capacity 21178K, committed 21248K, reserved 1069056K
  class space    used 2176K, capacity 2279K, committed 2304K, reserved 1048576K
}
Event: 87.764 GC heap before
{Heap before GC invocations=3 (full 0):
 garbage-first heap   total 260096K, used 111799K [0x0000000703600000, 0x0000000800000000)
  region size 1024K, 109 young (111616K), 9 survivors (9216K)
 Metaspace       used 23981K, capacity 24475K, committed 24704K, reserved 1071104K
  class space    used 2447K, capacity 2625K, committed 2688K, reserved 1048576K
}
Event: 87.785 GC heap after
{Heap after GC invocations=4 (full 0):
 garbage-first heap   total 260096K, used 17698K [0x0000000703600000, 0x0000000800000000)
  region size 1024K, 14 young (14336K), 14 survivors (14336K)
 Metaspace       used 23981K, capacity 24475K, committed 24704K, reserved 1071104K
  class space    used 2447K, capacity 2625K, committed 2688K, reserved 1048576K
}

