# JRE version: Java(TM) SE Runtime Environment 18.9 (11.0.13+10) (build 11.0.13+10-LTS-370)
# Java VM: Java HotSpot(TM) 64-Bit Server VM 18.9 (11.0.13+10-LTS-370, mixed mode, tiered, compressed oops, g1 gc, windows-amd64)
Heap:
 garbage-first heap   total 260096K, used 88454K [0x0000000703600000, 0x0000000800000000)
  region size 1024K, 84 young (86016K), 14 survivors (14336K)
 Metaspace       used 25842K, capacity 26409K, committed 26492K, reserved 1073152K
  class space    used 2694K, capacity 2903K, committed 2940K, reserved 1048576K
GC Heap History (6 events):
Event: 13.853 GC heap before
{Heap before GC invocations=0 (full 0):
 garbage-first heap   total 260096K, used 23552K [0x0000000703600000, 0x0000000800000000)
  region size 1024K, 24 young (24576K), 0 survivors (0K)
 Metaspace       used 12424K, capacity 12597K, committed 12672K, reserved 1060864K
  class space    used 1255K, capacity 1348K, committed 1408K, reserved 1048576K
}
Event: 13.872 GC heap after
{Heap after GC invocations=1 (full 0):
 garbage-first heap   total 260096K, used 3461K [0x0000000703600000, 0x0000000800000000)
  region size 1024K, 3 young (3072K), 3 survivors (3072K)
 Metaspace       used 12424K, capacity 12597K, committed 12672K, reserved 1060864K
  class space    used 1255K, capacity 1348K, committed 1408K, reserved 1048576K
}
Event: 65.349 GC heap before
{Heap before GC invocations=1 (full 0):
 garbage-first heap   total 260096K, used 103813K [0x0000000703600000, 0x0000000800000000)
  region size 1024K, 102 young (104448K), 3 survivors (3072K)
 Metaspace       used 20930K, capacity 21214K, committed 21248K, reserved 1069056K
  class space    used 2181K, capacity 2283K, committed 2304K, reserved 1048576K
}
Event: 65.366 GC heap after
{Heap after GC invocations=2 (full 0):
 garbage-first heap   total 260096K, used 10224K [0x0000000703600000, 0x0000000800000000)
  region size 1024K, 10 young (10240K), 10 survivors (10240K)
 Metaspace       used 20930K, capacity 21214K, committed 21248K, reserved 1069056K
  class space    used 2181K, capacity 2283K, committed 2304K, reserved 1048576K
}
Event: 118.628 GC heap before
{Heap before GC invocations=3 (full 0):
 garbage-first heap   total 260096K, used 113648K [0x0000000703600000, 0x0000000800000000)
  region size 1024K, 111 young (113664K), 10 survivors (10240K)
 Metaspace       used 23988K, capacity 24490K, committed 24700K, reserved 1071104K
  class space    used 2451K, capacity 2625K, committed 2684K, reserved 1048576K
}
Event: 118.650 GC heap after
{Heap after GC invocations=4 (full 0):
 garbage-first heap   total 260096K, used 17798K [0x0000000703600000, 0x0000000800000000)
  region size 1024K, 14 young (14336K), 14 survivors (14336K)
 Metaspace       used 23988K, capacity 24490K, committed 24700K, reserved 1071104K
  class space    used 2451K, capacity 2625K, committed 2684K, reserved 1048576K
}

