# JRE version: Java(TM) SE Runtime Environment 18.9 (11.0.13+10) (build 11.0.13+10-LTS-370)
# Java VM: Java HotSpot(TM) 64-Bit Server VM 18.9 (11.0.13+10-LTS-370, mixed mode, tiered, compressed oops, g1 gc, windows-amd64)
Heap:
 garbage-first heap   total 260096K, used 89640K [0x0000000703600000, 0x0000000800000000)
  region size 1024K, 79 young (80896K), 15 survivors (15360K)
 Metaspace       used 26414K, capacity 26991K, committed 27132K, reserved 1073152K
  class space    used 2725K, capacity 2951K, committed 3068K, reserved 1048576K
GC Heap History (8 events):
Event: 8.693 GC heap before
{Heap before GC invocations=0 (full 0):
 garbage-first heap   total 260096K, used 23552K [0x0000000703600000, 0x0000000800000000)
  region size 1024K, 24 young (24576K), 0 survivors (0K)
 Metaspace       used 12443K, capacity 12597K, committed 12672K, reserved 1060864K
  class space    used 1257K, capacity 1348K, committed 1408K, reserved 1048576K
}
Event: 8.756 GC heap after
{Heap after GC invocations=1 (full 0):
 garbage-first heap   total 260096K, used 3459K [0x0000000703600000, 0x0000000800000000)
  region size 1024K, 3 young (3072K), 3 survivors (3072K)
 Metaspace       used 12443K, capacity 12597K, committed 12672K, reserved 1060864K
  class space    used 1257K, capacity 1348K, committed 1408K, reserved 1048576K
}
Event: 40.106 GC heap before
{Heap before GC invocations=1 (full 0):
 garbage-first heap   total 260096K, used 101763K [0x0000000703600000, 0x0000000800000000)
  region size 1024K, 100 young (102400K), 3 survivors (3072K)
 Metaspace       used 20915K, capacity 21214K, committed 21248K, reserved 1069056K
  class space    used 2180K, capacity 2283K, committed 2304K, reserved 1048576K
}
Event: 40.122 GC heap after
{Heap after GC invocations=2 (full 0):
 garbage-first heap   total 260096K, used 10146K [0x0000000703600000, 0x0000000800000000)
  region size 1024K, 10 young (10240K), 10 survivors (10240K)
 Metaspace       used 20915K, capacity 21214K, committed 21248K, reserved 1069056K
  class space    used 2180K, capacity 2283K, committed 2304K, reserved 1048576K
}
Event: 88.951 GC heap before
{Heap before GC invocations=3 (full 0):
 garbage-first heap   total 260096K, used 112546K [0x0000000703600000, 0x0000000800000000)
  region size 1024K, 110 young (112640K), 10 survivors (10240K)
 Metaspace       used 23962K, capacity 24490K, committed 24700K, reserved 1071104K
  class space    used 2449K, capacity 2625K, committed 2684K, reserved 1048576K
}
Event: 88.972 GC heap after
{Heap after GC invocations=4 (full 0):
 garbage-first heap   total 260096K, used 17759K [0x0000000703600000, 0x0000000800000000)
  region size 1024K, 14 young (14336K), 14 survivors (14336K)
 Metaspace       used 23962K, capacity 24490K, committed 24700K, reserved 1071104K
  class space    used 2449K, capacity 2625K, committed 2684K, reserved 1048576K
}
Event: 159.395 GC heap before
{Heap before GC invocations=4 (full 0):
 garbage-first heap   total 260096K, used 139615K [0x0000000703600000, 0x0000000800000000)
  region size 1024K, 133 young (136192K), 14 survivors (14336K)
 Metaspace       used 26025K, capacity 26546K, committed 26748K, reserved 1073152K
  class space    used 2697K, capacity 2906K, committed 2940K, reserved 1048576K
}
Event: 159.418 GC heap after
{Heap after GC invocations=5 (full 0):
 garbage-first heap   total 260096K, used 25128K [0x0000000703600000, 0x0000000800000000)
  region size 1024K, 15 young (15360K), 15 survivors (15360K)
 Metaspace       used 26025K, capacity 26546K, committed 26748K, reserved 1073152K
  class space    used 2697K, capacity 2906K, committed 2940K, reserved 1048576K
}

