# JRE version: Java(TM) SE Runtime Environment 18.9 (11.0.13+10) (build 11.0.13+10-LTS-370)
# Java VM: Java HotSpot(TM) 64-Bit Server VM 18.9 (11.0.13+10-LTS-370, mixed mode, tiered, compressed oops, g1 gc, windows-amd64)
Heap:
 garbage-first heap   total 260096K, used 33363K [0x0000000703600000, 0x0000000800000000)
  region size 1024K, 24 young (24576K), 15 survivors (15360K)
 Metaspace       used 26079K, capacity 26661K, committed 26748K, reserved 1073152K
  class space    used 2698K, capacity 2907K, committed 2940K, reserved 1048576K
GC Heap History (8 events):
Event: 8.573 GC heap before
{Heap before GC invocations=0 (full 0):
 garbage-first heap   total 260096K, used 23552K [0x0000000703600000, 0x0000000800000000)
  region size 1024K, 24 young (24576K), 0 survivors (0K)
 Metaspace       used 12397K, capacity 12645K, committed 12928K, reserved 1060864K
  class space    used 1252K, capacity 1348K, committed 1408K, reserved 1048576K
}
Event: 8.663 GC heap after
{Heap after GC invocations=1 (full 0):
 garbage-first heap   total 260096K, used 3447K [0x0000000703600000, 0x0000000800000000)
  region size 1024K, 3 young (3072K), 3 survivors (3072K)
 Metaspace       used 12397K, capacity 12645K, committed 12928K, reserved 1060864K
  class space    used 1252K, capacity 1348K, committed 1408K, reserved 1048576K
}
Event: 39.599 GC heap before
{Heap before GC invocations=1 (full 0):
 garbage-first heap   total 260096K, used 102775K [0x0000000703600000, 0x0000000800000000)
  region size 1024K, 101 young (103424K), 3 survivors (3072K)
 Metaspace       used 20907K, capacity 21198K, committed 21248K, reserved 1069056K
  class space    used 2180K, capacity 2283K, committed 2304K, reserved 1048576K
}
Event: 39.614 GC heap after
{Heap after GC invocations=2 (full 0):
 garbage-first heap   total 260096K, used 10056K [0x0000000703600000, 0x0000000800000000)
  region size 1024K, 10 young (10240K), 10 survivors (10240K)
 Metaspace       used 20907K, capacity 21198K, committed 21248K, reserved 1069056K
  class space    used 2180K, capacity 2283K, committed 2304K, reserved 1048576K
}
Event: 82.012 GC heap before
{Heap before GC invocations=3 (full 0):
 garbage-first heap   total 260096K, used 113480K [0x0000000703600000, 0x0000000800000000)
  region size 1024K, 111 young (113664K), 10 survivors (10240K)
 Metaspace       used 23985K, capacity 24475K, committed 24700K, reserved 1071104K
  class space    used 2450K, capacity 2625K, committed 2684K, reserved 1048576K
}
Event: 82.032 GC heap after
{Heap after GC invocations=4 (full 0):
 garbage-first heap   total 260096K, used 17737K [0x0000000703600000, 0x0000000800000000)
  region size 1024K, 14 young (14336K), 14 survivors (14336K)
 Metaspace       used 23985K, capacity 24475K, committed 24700K, reserved 1071104K
  class space    used 2450K, capacity 2625K, committed 2684K, reserved 1048576K
}
Event: 156.962 GC heap before
{Heap before GC invocations=4 (full 0):
 garbage-first heap   total 260096K, used 140617K [0x0000000703600000, 0x0000000800000000)
  region size 1024K, 134 young (137216K), 14 survivors (14336K)
 Metaspace       used 26054K, capacity 26594K, committed 26748K, reserved 1073152K
  class space    used 2697K, capacity 2906K, committed 2940K, reserved 1048576K
}
Event: 156.987 GC heap after
{Heap after GC invocations=5 (full 0):
 garbage-first heap   total 260096K, used 25171K [0x0000000703600000, 0x0000000800000000)
  region size 1024K, 15 young (15360K), 15 survivors (15360K)
 Metaspace       used 26054K, capacity 26594K, committed 26748K, reserved 1073152K
  class space    used 2697K, capacity 2906K, committed 2940K, reserved 1048576K
}

