# JRE version: Java(TM) SE Runtime Environment 18.9 (11.0.13+10) (build 11.0.13+10-LTS-370)
# Java VM: Java HotSpot(TM) 64-Bit Server VM 18.9 (11.0.13+10-LTS-370, mixed mode, tiered, compressed oops, g1 gc, windows-amd64)
Heap:
 garbage-first heap   total 260096K, used 46503K [0x0000000703600000, 0x0000000800000000)
  region size 1024K, 43 young (44032K), 14 survivors (14336K)
 Metaspace       used 24036K, capacity 24506K, committed 24704K, reserved 1071104K
  class space    used 2454K, capacity 2630K, committed 2688K, reserved 1048576K
GC Heap History (6 events):
Event: 11.497 GC heap before
{Heap before GC invocations=0 (full 0):
 garbage-first heap   total 260096K, used 24576K [0x0000000703600000, 0x0000000800000000)
  region size 1024K, 24 young (24576K), 0 survivors (0K)
 Metaspace       used 12447K, capacity 12661K, committed 12928K, reserved 1060864K
  class space    used 1257K, capacity 1348K, committed 1408K, reserved 1048576K
}
Event: 11.676 GC heap after
{Heap after GC invocations=1 (full 0):
 garbage-first heap   total 260096K, used 3466K [0x0000000703600000, 0x0000000800000000)
  region size 1024K, 3 young (3072K), 3 survivors (3072K)
 Metaspace       used 12447K, capacity 12661K, committed 12928K, reserved 1060864K
  class space    used 1257K, capacity 1348K, committed 1408K, reserved 1048576K
}
Event: 49.204 GC heap before
{Heap before GC invocations=1 (full 0):
 garbage-first heap   total 260096K, used 102794K [0x0000000703600000, 0x0000000800000000)
  region size 1024K, 101 young (103424K), 3 survivors (3072K)
 Metaspace       used 20915K, capacity 21214K, committed 21248K, reserved 1069056K
  class space    used 2181K, capacity 2283K, committed 2304K, reserved 1048576K
}
Event: 49.220 GC heap after
{Heap after GC invocations=2 (full 0):
 garbage-first heap   total 260096K, used 10349K [0x0000000703600000, 0x0000000800000000)
  region size 1024K, 10 young (10240K), 10 survivors (10240K)
 Metaspace       used 20915K, capacity 21214K, committed 21248K, reserved 1069056K
  class space    used 2181K, capacity 2283K, committed 2304K, reserved 1048576K
}
Event: 112.402 GC heap before
{Heap before GC invocations=3 (full 0):
 garbage-first heap   total 260096K, used 112749K [0x0000000703600000, 0x0000000800000000)
  region size 1024K, 110 young (112640K), 10 survivors (10240K)
 Metaspace       used 23996K, capacity 24490K, committed 24704K, reserved 1071104K
  class space    used 2451K, capacity 2625K, committed 2688K, reserved 1048576K
}
Event: 112.424 GC heap after
{Heap after GC invocations=4 (full 0):
 garbage-first heap   total 260096K, used 17831K [0x0000000703600000, 0x0000000800000000)
  region size 1024K, 14 young (14336K), 14 survivors (14336K)
 Metaspace       used 23996K, capacity 24490K, committed 24704K, reserved 1071104K
  class space    used 2451K, capacity 2625K, committed 2688K, reserved 1048576K
}

