# JRE version: Java(TM) SE Runtime Environment 18.9 (11.0.13+10) (build 11.0.13+10-LTS-370)
# Java VM: Java HotSpot(TM) 64-Bit Server VM 18.9 (11.0.13+10-LTS-370, mixed mode, tiered, compressed oops, g1 gc, windows-amd64)
Heap:
 garbage-first heap   total 260096K, used 123208K [0x0000000703600000, 0x0000000800000000)
  region size 1024K, 112 young (114688K), 15 survivors (15360K)
 Metaspace       used 27145K, capacity 27798K, committed 27900K, reserved 1075200K
  class space    used 2787K, capacity 3032K, committed 3068K, reserved 1048576K
GC Heap History (8 events):
Event: 8.610 GC heap before
{Heap before GC invocations=0 (full 0):
 garbage-first heap   total 260096K, used 24576K [0x0000000703600000, 0x0000000800000000)
  region size 1024K, 24 young (24576K), 0 survivors (0K)
 Metaspace       used 12423K, capacity 12597K, committed 12672K, reserved 1060864K
  class space    used 1255K, capacity 1348K, committed 1408K, reserved 1048576K
}
Event: 9.007 GC heap after
{Heap after GC invocations=1 (full 0):
 garbage-first heap   total 260096K, used 3464K [0x0000000703600000, 0x0000000800000000)
  region size 1024K, 3 young (3072K), 3 survivors (3072K)
 Metaspace       used 12423K, capacity 12597K, committed 12672K, reserved 1060864K
  class space    used 1255K, capacity 1348K, committed 1408K, reserved 1048576K
}
Event: 57.203 GC heap before
{Heap before GC invocations=1 (full 0):
 garbage-first heap   total 260096K, used 103816K [0x0000000703600000, 0x0000000800000000)
  region size 1024K, 102 young (104448K), 3 survivors (3072K)
 Metaspace       used 20914K, capacity 21214K, committed 21248K, reserved 1069056K
  class space    used 2181K, capacity 2283K, committed 2304K, reserved 1048576K
}
Event: 57.221 GC heap after
{Heap after GC invocations=2 (full 0):
 garbage-first heap   total 260096K, used 10344K [0x0000000703600000, 0x0000000800000000)
  region size 1024K, 10 young (10240K), 10 survivors (10240K)
 Metaspace       used 20914K, capacity 21214K, committed 21248K, reserved 1069056K
  class space    used 2181K, capacity 2283K, committed 2304K, reserved 1048576K
}
Event: 122.352 GC heap before
{Heap before GC invocations=3 (full 0):
 garbage-first heap   total 260096K, used 112744K [0x0000000703600000, 0x0000000800000000)
  region size 1024K, 110 young (112640K), 10 survivors (10240K)
 Metaspace       used 23976K, capacity 24491K, committed 24700K, reserved 1071104K
  class space    used 2450K, capacity 2625K, committed 2684K, reserved 1048576K
}
Event: 122.376 GC heap after
{Heap after GC invocations=4 (full 0):
 garbage-first heap   total 260096K, used 17837K [0x0000000703600000, 0x0000000800000000)
  region size 1024K, 14 young (14336K), 14 survivors (14336K)
 Metaspace       used 23976K, capacity 24491K, committed 24700K, reserved 1071104K
  class space    used 2450K, capacity 2625K, committed 2684K, reserved 1048576K
}
Event: 187.079 GC heap before
{Heap before GC invocations=4 (full 0):
 garbage-first heap   total 260096K, used 128429K [0x0000000703600000, 0x0000000800000000)
  region size 1024K, 123 young (125952K), 14 survivors (14336K)
 Metaspace       used 26040K, capacity 26610K, committed 26748K, reserved 1073152K
  class space    used 2698K, capacity 2906K, committed 2940K, reserved 1048576K
}
Event: 187.105 GC heap after
{Heap after GC invocations=5 (full 0):
 garbage-first heap   total 260096K, used 24904K [0x0000000703600000, 0x0000000800000000)
  region size 1024K, 15 young (15360K), 15 survivors (15360K)
 Metaspace       used 26040K, capacity 26610K, committed 26748K, reserved 1073152K
  class space    used 2698K, capacity 2906K, committed 2940K, reserved 1048576K
}

