# JRE version: Java(TM) SE Runtime Environment 18.9 (11.0.13+10) (build 11.0.13+10-LTS-370)
# Java VM: Java HotSpot(TM) 64-Bit Server VM 18.9 (11.0.13+10-LTS-370, mixed mode, tiered, compressed oops, g1 gc, windows-amd64)
Heap:
 garbage-first heap   total 260096K, used 78230K [0x0000000703600000, 0x0000000800000000)
  region size 1024K, 75 young (76800K), 14 survivors (14336K)
 Metaspace       used 25239K, capacity 25806K, committed 25980K, reserved 1073152K
  class space    used 2600K, capacity 2838K, committed 2940K, reserved 1048576K
GC Heap History (6 events):
Event: 8.537 GC heap before
{Heap before GC invocations=0 (full 0):
 garbage-first heap   total 260096K, used 23552K [0x0000000703600000, 0x0000000800000000)
  region size 1024K, 24 young (24576K), 0 survivors (0K)
 Metaspace       used 12393K, capacity 12645K, committed 12928K, reserved 1060864K
  class space    used 1252K, capacity 1348K, committed 1408K, reserved 1048576K
}
Event: 8.575 GC heap after
{Heap after GC invocations=1 (full 0):
 garbage-first heap   total 260096K, used 3467K [0x0000000703600000, 0x0000000800000000)
  region size 1024K, 3 young (3072K), 3 survivors (3072K)
 Metaspace       used 12393K, capacity 12645K, committed 12928K, reserved 1060864K
  class space    used 1252K, capacity 1348K, committed 1408K, reserved 1048576K
}
Event: 50.500 GC heap before
{Heap before GC invocations=1 (full 0):
 garbage-first heap   total 260096K, used 103819K [0x0000000703600000, 0x0000000800000000)
  region size 1024K, 102 young (104448K), 3 survivors (3072K)
 Metaspace       used 20923K, capacity 21198K, committed 21248K, reserved 1069056K
  class space    used 2180K, capacity 2283K, committed 2304K, reserved 1048576K
}
Event: 50.515 GC heap after
{Heap after GC invocations=2 (full 0):
 garbage-first heap   total 260096K, used 10267K [0x0000000703600000, 0x0000000800000000)
  region size 1024K, 10 young (10240K), 10 survivors (10240K)
 Metaspace       used 20923K, capacity 21198K, committed 21248K, reserved 1069056K
  class space    used 2180K, capacity 2283K, committed 2304K, reserved 1048576K
}
Event: 94.156 GC heap before
{Heap before GC invocations=3 (full 0):
 garbage-first heap   total 260096K, used 111643K [0x0000000703600000, 0x0000000800000000)
  region size 1024K, 109 young (111616K), 10 survivors (10240K)
 Metaspace       used 23950K, capacity 24474K, committed 24700K, reserved 1071104K
  class space    used 2450K, capacity 2625K, committed 2684K, reserved 1048576K
}
Event: 94.176 GC heap after
{Heap after GC invocations=4 (full 0):
 garbage-first heap   total 260096K, used 17814K [0x0000000703600000, 0x0000000800000000)
  region size 1024K, 14 young (14336K), 14 survivors (14336K)
 Metaspace       used 23950K, capacity 24474K, committed 24700K, reserved 1071104K
  class space    used 2450K, capacity 2625K, committed 2684K, reserved 1048576K
}

