# JRE version: Java(TM) SE Runtime Environment 18.9 (11.0.13+10) (build 11.0.13+10-LTS-370)
# Java VM: Java HotSpot(TM) 64-Bit Server VM 18.9 (11.0.13+10-LTS-370, mixed mode, tiered, compressed oops, g1 gc, windows-amd64)
Heap:
 garbage-first heap   total 260096K, used 70474K [0x0000000703600000, 0x0000000800000000)
  region size 1024K, 49 young (50176K), 12 survivors (12288K)
 Metaspace       used 27436K, capacity 28065K, committed 28160K, reserved 1075200K
  class space    used 2793K, capacity 3035K, committed 3072K, reserved 1048576K
GC Heap History (10 events):
Event: 9.298 GC heap before
{Heap before GC invocations=0 (full 0):
 garbage-first heap   total 260096K, used 24576K [0x0000000703600000, 0x0000000800000000)
  region size 1024K, 24 young (24576K), 0 survivors (0K)
 Metaspace       used 12434K, capacity 12597K, committed 12672K, reserved 1060864K
  class space    used 1255K, capacity 1348K, committed 1408K, reserved 1048576K
}
Event: 9.315 GC heap after
{Heap after GC invocations=1 (full 0):
 garbage-first heap   total 260096K, used 3449K [0x0000000703600000, 0x0000000800000000)
  region size 1024K, 3 young (3072K), 3 survivors (3072K)
 Metaspace       used 12434K, capacity 12597K, committed 12672K, reserved 1060864K
  class space    used 1255K, capacity 1348K, committed 1408K, reserved 1048576K
}
Event: 56.357 GC heap before
{Heap before GC invocations=1 (full 0):
 garbage-first heap   total 260096K, used 102777K [0x0000000703600000, 0x0000000800000000)
  region size 1024K, 101 young (103424K), 3 survivors (3072K)
 Metaspace       used 20927K, capacity 21214K, committed 21248K, reserved 1069056K
  class space    used 2181K, capacity 2283K, committed 2304K, reserved 1048576K
}
Event: 56.372 GC heap after
{Heap after GC invocations=2 (full 0):
 garbage-first heap   total 260096K, used 10153K [0x0000000703600000, 0x0000000800000000)
  region size 1024K, 10 young (10240K), 10 survivors (10240K)
 Metaspace       used 20927K, capacity 21214K, committed 21248K, reserved 1069056K
  class space    used 2181K, capacity 2283K, committed 2304K, reserved 1048576K
}
Event: 97.364 GC heap before
{Heap before GC invocations=3 (full 0):
 garbage-first heap   total 260096K, used 112553K [0x0000000703600000, 0x0000000800000000)
  region size 1024K, 110 young (112640K), 10 survivors (10240K)
 Metaspace       used 23969K, capacity 24490K, committed 24704K, reserved 1071104K
  class space    used 2451K, capacity 2625K, committed 2688K, reserved 1048576K
}
Event: 97.388 GC heap after
{Heap after GC invocations=4 (full 0):
 garbage-first heap   total 260096K, used 17857K [0x0000000703600000, 0x0000000800000000)
  region size 1024K, 14 young (14336K), 14 survivors (14336K)
 Metaspace       used 23969K, capacity 24490K, committed 24704K, reserved 1071104K
  class space    used 2451K, capacity 2625K, committed 2688K, reserved 1048576K
}
Event: 166.082 GC heap before
{Heap before GC invocations=4 (full 0):
 garbage-first heap   total 260096K, used 137665K [0x0000000703600000, 0x0000000800000000)
  region size 1024K, 131 young (134144K), 14 survivors (14336K)
 Metaspace       used 26044K, capacity 26610K, committed 26752K, reserved 1073152K
  class space    used 2698K, capacity 2906K, committed 2944K, reserved 1048576K
}
Event: 166.103 GC heap after
{Heap after GC invocations=5 (full 0):
 garbage-first heap   total 260096K, used 24893K [0x0000000703600000, 0x0000000800000000)
  region size 1024K, 15 young (15360K), 15 survivors (15360K)
 Metaspace       used 26044K, capacity 26610K, committed 26752K, reserved 1073152K
  class space    used 2698K, capacity 2906K, committed 2944K, reserved 1048576K
}
Event: 288.838 GC heap before
{Heap before GC invocations=5 (full 0):
 garbage-first heap   total 260096K, used 164157K [0x0000000703600000, 0x0000000800000000)
  region size 1024K, 148 young (151552K), 15 survivors (15360K)
 Metaspace       used 27323K, capacity 27999K, committed 28160K, reserved 1075200K
  class space    used 2793K, capacity 3035K, committed 3072K, reserved 1048576K
}
Event: 288.856 GC heap after
{Heap after GC invocations=6 (full 0):
 garbage-first heap   total 260096K, used 33610K [0x0000000703600000, 0x0000000800000000)
  region size 1024K, 12 young (12288K), 12 survivors (12288K)
 Metaspace       used 27323K, capacity 27999K, committed 28160K, reserved 1075200K
  class space    used 2793K, capacity 3035K, committed 3072K, reserved 1048576K
}

