# JRE version: Java(TM) SE Runtime Environment 18.9 (11.0.13+10) (build 11.0.13+10-LTS-370)
# Java VM: Java HotSpot(TM) 64-Bit Server VM 18.9 (11.0.13+10-LTS-370, mixed mode, tiered, compressed oops, g1 gc, windows-amd64)
Heap:
 garbage-first heap   total 260096K, used 75422K [0x0000000703600000, 0x0000000800000000)
  region size 1024K, 51 young (52224K), 12 survivors (12288K)
 Metaspace       used 27435K, capacity 28063K, committed 28160K, reserved 1075200K
  class space    used 2792K, capacity 3035K, committed 3072K, reserved 1048576K
GC Heap History (10 events):
Event: 5.175 GC heap before
{Heap before GC invocations=0 (full 0):
 garbage-first heap   total 260096K, used 24576K [0x0000000703600000, 0x0000000800000000)
  region size 1024K, 24 young (24576K), 0 survivors (0K)
 Metaspace       used 12425K, capacity 12597K, committed 12672K, reserved 1060864K
  class space    used 1255K, capacity 1348K, committed 1408K, reserved 1048576K
}
Event: 5.257 GC heap after
{Heap after GC invocations=1 (full 0):
 garbage-first heap   total 260096K, used 3468K [0x0000000703600000, 0x0000000800000000)
  region size 1024K, 3 young (3072K), 3 survivors (3072K)
 Metaspace       used 12425K, capacity 12597K, committed 12672K, reserved 1060864K
  class space    used 1255K, capacity 1348K, committed 1408K, reserved 1048576K
}
Event: 21.663 GC heap before
{Heap before GC invocations=1 (full 0):
 garbage-first heap   total 260096K, used 103820K [0x0000000703600000, 0x0000000800000000)
  region size 1024K, 102 young (104448K), 3 survivors (3072K)
 Metaspace       used 20920K, capacity 21214K, committed 21248K, reserved 1069056K
  class space    used 2180K, capacity 2283K, committed 2304K, reserved 1048576K
}
Event: 21.679 GC heap after
{Heap after GC invocations=2 (full 0):
 garbage-first heap   total 260096K, used 10282K [0x0000000703600000, 0x0000000800000000)
  region size 1024K, 10 young (10240K), 10 survivors (10240K)
 Metaspace       used 20920K, capacity 21214K, committed 21248K, reserved 1069056K
  class space    used 2180K, capacity 2283K, committed 2304K, reserved 1048576K
}
Event: 41.018 GC heap before
{Heap before GC invocations=3 (full 0):
 garbage-first heap   total 260096K, used 112682K [0x0000000703600000, 0x0000000800000000)
  region size 1024K, 110 young (112640K), 10 survivors (10240K)
 Metaspace       used 23984K, capacity 24491K, committed 24704K, reserved 1071104K
  class space    used 2450K, capacity 2625K, committed 2688K, reserved 1048576K
}
Event: 41.039 GC heap after
{Heap after GC invocations=4 (full 0):
 garbage-first heap   total 260096K, used 17909K [0x0000000703600000, 0x0000000800000000)
  region size 1024K, 14 young (14336K), 14 survivors (14336K)
 Metaspace       used 23984K, capacity 24491K, committed 24704K, reserved 1071104K
  class space    used 2450K, capacity 2625K, committed 2688K, reserved 1048576K
}
Event: 79.021 GC heap before
{Heap before GC invocations=4 (full 0):
 garbage-first heap   total 260096K, used 131573K [0x0000000703600000, 0x0000000800000000)
  region size 1024K, 125 young (128000K), 14 survivors (14336K)
 Metaspace       used 26022K, capacity 26610K, committed 26752K, reserved 1073152K
  class space    used 2697K, capacity 2906K, committed 2944K, reserved 1048576K
}
Event: 79.044 GC heap after
{Heap after GC invocations=5 (full 0):
 garbage-first heap   total 260096K, used 25396K [0x0000000703600000, 0x0000000800000000)
  region size 1024K, 15 young (15360K), 15 survivors (15360K)
 Metaspace       used 26022K, capacity 26610K, committed 26752K, reserved 1073152K
  class space    used 2697K, capacity 2906K, committed 2944K, reserved 1048576K
}
Event: 219.678 GC heap before
{Heap before GC invocations=5 (full 0):
 garbage-first heap   total 260096K, used 157492K [0x0000000703600000, 0x0000000800000000)
  region size 1024K, 142 young (145408K), 15 survivors (15360K)
 Metaspace       used 27297K, capacity 27935K, committed 28160K, reserved 1075200K
  class space    used 2792K, capacity 3035K, committed 3072K, reserved 1048576K
}
Event: 219.692 GC heap after
{Heap after GC invocations=6 (full 0):
 garbage-first heap   total 260096K, used 33438K [0x0000000703600000, 0x0000000800000000)
  region size 1024K, 12 young (12288K), 12 survivors (12288K)
 Metaspace       used 27297K, capacity 27935K, committed 28160K, reserved 1075200K
  class space    used 2792K, capacity 3035K, committed 3072K, reserved 1048576K
}

